<?xml version="1.0" encoding="UTF-8"?>
<testsuite name="hello.hello.spring.ApplicationTests" tests="1" skipped="0" failures="0" errors="0" timestamp="2023-05-27T09:11:06" hostname="DESKTOP-CN8NA2M" time="0.309">
  <properties/>
  <testcase name="contextLoads()" classname="hello.hello.spring.ApplicationTests" time="0.309"/>
  <system-out><![CDATA[18:11:04.919 [Test worker] DEBUG org.springframework.test.context.BootstrapUtils - Instantiating CacheAwareContextLoaderDelegate from class [org.springframework.test.context.cache.DefaultCacheAwareContextLoaderDelegate]
18:11:04.927 [Test worker] DEBUG org.springframework.test.context.BootstrapUtils - Instantiating BootstrapContext using constructor [public org.springframework.test.context.support.DefaultBootstrapContext(java.lang.Class,org.springframework.test.context.CacheAwareContextLoaderDelegate)]
18:11:04.951 [Test worker] DEBUG org.springframework.test.context.BootstrapUtils - Instantiating TestContextBootstrapper for test class [hello.hello.spring.ApplicationTests] from class [org.springframework.boot.test.context.SpringBootTestContextBootstrapper]
18:11:04.959 [Test worker] INFO org.springframework.boot.test.context.SpringBootTestContextBootstrapper - Neither @ContextConfiguration nor @ContextHierarchy found for test class [hello.hello.spring.ApplicationTests], using SpringBootContextLoader
18:11:04.962 [Test worker] DEBUG org.springframework.test.context.support.AbstractContextLoader - Did not detect default resource location for test class [hello.hello.spring.ApplicationTests]: class path resource [hello/hello/spring/ApplicationTests-context.xml] does not exist
18:11:04.962 [Test worker] DEBUG org.springframework.test.context.support.AbstractContextLoader - Did not detect default resource location for test class [hello.hello.spring.ApplicationTests]: class path resource [hello/hello/spring/ApplicationTestsContext.groovy] does not exist
18:11:04.962 [Test worker] INFO org.springframework.test.context.support.AbstractContextLoader - Could not detect default resource locations for test class [hello.hello.spring.ApplicationTests]: no resource found for suffixes {-context.xml, Context.groovy}.
18:11:04.963 [Test worker] INFO org.springframework.test.context.support.AnnotationConfigContextLoaderUtils - Could not detect default configuration classes for test class [hello.hello.spring.ApplicationTests]: ApplicationTests does not declare any static, non-private, non-final, nested classes annotated with @Configuration.
18:11:04.991 [Test worker] DEBUG org.springframework.test.context.support.ActiveProfilesUtils - Could not find an 'annotation declaring class' for annotation type [org.springframework.test.context.ActiveProfiles] and class [hello.hello.spring.ApplicationTests]
18:11:05.030 [Test worker] DEBUG org.springframework.context.annotation.ClassPathScanningCandidateComponentProvider - Identified candidate component class: file [D:\spring-boot\test\hello.spring\build\classes\java\main\hello\hello\spring\Application.class]
18:11:05.031 [Test worker] INFO org.springframework.boot.test.context.SpringBootTestContextBootstrapper - Found @SpringBootConfiguration hello.hello.spring.Application for test class hello.hello.spring.ApplicationTests
18:11:05.095 [Test worker] DEBUG org.springframework.boot.test.context.SpringBootTestContextBootstrapper - @TestExecutionListeners is not present for class [hello.hello.spring.ApplicationTests]: using defaults.
18:11:05.095 [Test worker] INFO org.springframework.boot.test.context.SpringBootTestContextBootstrapper - Loaded default TestExecutionListener class names from location [META-INF/spring.factories]: [org.springframework.boot.test.autoconfigure.restdocs.RestDocsTestExecutionListener, org.springframework.boot.test.autoconfigure.web.client.MockRestServiceServerResetTestExecutionListener, org.springframework.boot.test.autoconfigure.web.servlet.MockMvcPrintOnlyOnFailureTestExecutionListener, org.springframework.boot.test.autoconfigure.web.servlet.WebDriverTestExecutionListener, org.springframework.boot.test.autoconfigure.webservices.client.MockWebServiceServerTestExecutionListener, org.springframework.boot.test.mock.mockito.MockitoTestExecutionListener, org.springframework.boot.test.mock.mockito.ResetMocksTestExecutionListener, org.springframework.test.context.web.ServletTestExecutionListener, org.springframework.test.context.support.DirtiesContextBeforeModesTestExecutionListener, org.springframework.test.context.event.ApplicationEventsTestExecutionListener, org.springframework.test.context.support.DependencyInjectionTestExecutionListener, org.springframework.test.context.support.DirtiesContextTestExecutionListener, org.springframework.test.context.transaction.TransactionalTestExecutionListener, org.springframework.test.context.jdbc.SqlScriptsTestExecutionListener, org.springframework.test.context.event.EventPublishingTestExecutionListener]
18:11:05.103 [Test worker] DEBUG org.springframework.boot.test.context.SpringBootTestContextBootstrapper - Skipping candidate TestExecutionListener [org.springframework.test.context.transaction.TransactionalTestExecutionListener] due to a missing dependency. Specify custom listener classes or make the default listener classes and their required dependencies available. Offending class: [org/springframework/transaction/interceptor/TransactionAttributeSource]
18:11:05.104 [Test worker] DEBUG org.springframework.boot.test.context.SpringBootTestContextBootstrapper - Skipping candidate TestExecutionListener [org.springframework.test.context.jdbc.SqlScriptsTestExecutionListener] due to a missing dependency. Specify custom listener classes or make the default listener classes and their required dependencies available. Offending class: [org/springframework/transaction/interceptor/TransactionAttribute]
18:11:05.104 [Test worker] INFO org.springframework.boot.test.context.SpringBootTestContextBootstrapper - Using TestExecutionListeners: [org.springframework.test.context.web.ServletTestExecutionListener@f74e835, org.springframework.test.context.support.DirtiesContextBeforeModesTestExecutionListener@3276732, org.springframework.test.context.event.ApplicationEventsTestExecutionListener@3f28bd56, org.springframework.boot.test.mock.mockito.MockitoTestExecutionListener@31e3250d, org.springframework.boot.test.autoconfigure.SpringBootDependencyInjectionTestExecutionListener@19fe4644, org.springframework.test.context.support.DirtiesContextTestExecutionListener@21d8bcbe, org.springframework.test.context.event.EventPublishingTestExecutionListener@5be067de, org.springframework.boot.test.autoconfigure.restdocs.RestDocsTestExecutionListener@7383eae2, org.springframework.boot.test.autoconfigure.web.client.MockRestServiceServerResetTestExecutionListener@18245eb0, org.springframework.boot.test.autoconfigure.web.servlet.MockMvcPrintOnlyOnFailureTestExecutionListener@7c7d3c46, org.springframework.boot.test.autoconfigure.web.servlet.WebDriverTestExecutionListener@24fb6a80, org.springframework.boot.test.autoconfigure.webservices.client.MockWebServiceServerTestExecutionListener@48c35007, org.springframework.boot.test.mock.mockito.ResetMocksTestExecutionListener@72a85671]
18:11:05.106 [Test worker] DEBUG org.springframework.test.context.support.AbstractDirtiesContextTestExecutionListener - Before test class: context [DefaultTestContext@62e70ea3 testClass = ApplicationTests, testInstance = [null], testMethod = [null], testException = [null], mergedContextConfiguration = [WebMergedContextConfiguration@3efe7086 testClass = ApplicationTests, locations = '{}', classes = '{class hello.hello.spring.Application}', contextInitializerClasses = '[]', activeProfiles = '{}', propertySourceLocations = '{}', propertySourceProperties = '{org.springframework.boot.test.context.SpringBootTestContextBootstrapper=true}', contextCustomizers = set[org.springframework.boot.test.autoconfigure.actuate.metrics.MetricsExportContextCustomizerFactory$DisableMetricExportContextCustomizer@68b32e3e, org.springframework.boot.test.autoconfigure.properties.PropertyMappingContextCustomizer@0, org.springframework.boot.test.autoconfigure.web.servlet.WebDriverContextCustomizerFactory$Customizer@7ca20101, org.springframework.boot.test.context.filter.ExcludeFilterContextCustomizer@2ea6e30c, org.springframework.boot.test.json.DuplicateJsonObjectContextCustomizerFactory$DuplicateJsonObjectContextCustomizer@7803bfd, org.springframework.boot.test.mock.mockito.MockitoContextCustomizer@0, org.springframework.boot.test.web.client.TestRestTemplateContextCustomizer@5143c662, org.springframework.boot.test.context.SpringBootTestArgs@1, org.springframework.boot.test.context.SpringBootTestWebEnvironment@4bb33f74], resourceBasePath = 'src/main/webapp', contextLoader = 'org.springframework.boot.test.context.SpringBootContextLoader', parent = [null]], attributes = map['org.springframework.test.context.web.ServletTestExecutionListener.activateListener' -> true]], class annotated with @DirtiesContext [false] with mode [null].

  .   ____          _            __ _ _
 /\\ / ___'_ __ _ _(_)_ __  __ _ \ \ \ \
( ( )\___ | '_ | '_| | '_ \/ _` | \ \ \ \
 \\/  ___)| |_)| | | | | || (_| |  ) ) ) )
  '  |____| .__|_| |_|_| |_\__, | / / / /
 =========|_|==============|___/=/_/_/_/
 :: Spring Boot ::               (v2.7.12)

2023-05-27 18:11:05.319  INFO 18780 --- [    Test worker] hello.hello.spring.ApplicationTests      : Starting ApplicationTests using Java 20.0.1 on DESKTOP-CN8NA2M with PID 18780 (started by User in D:\spring-boot\test\hello.spring)
2023-05-27 18:11:05.320  INFO 18780 --- [    Test worker] hello.hello.spring.ApplicationTests      : No active profile set, falling back to 1 default profile: "default"
2023-05-27 18:11:06.078  INFO 18780 --- [    Test worker] o.s.b.a.w.s.WelcomePageHandlerMapping    : Adding welcome page: class path resource [static/index.html]
2023-05-27 18:11:06.266  INFO 18780 --- [    Test worker] hello.hello.spring.ApplicationTests      : Started ApplicationTests in 1.133 seconds (JVM running for 1.967)
]]></system-out>
  <system-err><![CDATA[]]></system-err>
</testsuite>
